#
# A fatal error has been detected by the Java Runtime Environment:
#
#  EXCEPTION_ACCESS_VIOLATION (0xc0000005) at pc=0x000001308d1f1066, pid=14800, tid=0x0000000000003d00
#
# JRE version: OpenJDK Runtime Environment (8.0_332-b09) (build 1.8.0_332-b09)
# Java VM: OpenJDK 64-Bit Server VM (25.332-b09 mixed mode windows-amd64 compressed oops)
# Problematic frame:
# C  [OpenAL64.dll+0x11066]
#
# Failed to write core dump. Minidumps are not enabled by default on client versions of Windows
#
# If you would like to submit a bug report, please visit:
#   https://github.com/adoptium/adoptium-support/issues
# The crash happened outside the Java Virtual Machine in native code.
# See problematic frame for where to report the bug.
#

---------------  T H R E A D  ---------------

Current thread (0x0000012f2e3b9000):  JavaThread "main" [_thread_in_native, id=15616, stack(0x000000075da00000,0x000000075db00000)]

siginfo: ExceptionCode=0xc0000005, reading address 0x000001308be01004

Registers:
RAX=0x00000000ffffffff, RBX=0x000001308da20090, RCX=0x000001308be01008, RDX=0x000001308be01004
RSP=0x000000075dafc590, RBP=0x00000000000000ff, RSI=0x000001308bdf50dc, RDI=0x0000000000000000
R8 =0x0000000000002fca, R9 =0x000001308bdf50dc, R10=0x0000012f2fd99e22, R11=0x000000006edc5890
R12=0x0000000000000001, R13=0x000001308d371dd0, R14=0x000000075dafc730, R15=0x0000012f2e3b9000
RIP=0x000001308d1f1066, EFLAGS=0x0000000000010202

Top of Stack: (sp=0x000000075dafc590)
0x000000075dafc590:   0000000000000000 0000000000000000
0x000000075dafc5a0:   0000000000000000 0000012f2e3b9000
0x000000075dafc5b0:   000000075dafc730 0000012f3f3ff000
0x000000075dafc5c0:   0000012f2e3b9000 0000012f2e3ae270
0x000000075dafc5d0:   000001308d371dd0 000001308d371dd0
0x000000075dafc5e0:   0000012f2e384760 000000006ec5bd55
0x000000075dafc5f0:   000000075dafced0 0000012f2e3846e0
0x000000075dafc600:   0000012f2e3b9000 000000075dafc730
0x000000075dafc610:   000001308d371dd0 0000012f3f3ff000
0x000000075dafc620:   000001308bdf50dc 0000000000000248
0x000000075dafc630:   000000075dafc6f8 000001308d1f248f
0x000000075dafc640:   000001308da20090 000001308da20090
0x000000075dafc650:   000000000000ac44 00000130ffffffff
0x000000075dafc660:   0000012f2fd87c90 0000012f2fd99e4e
0x000000075dafc670:   000001308d371dd0 000000075dafc678
0x000000075dafc680:   0000012f2fd87c90 0000012f2fd99b5b 

Instructions: (pc=0x000001308d1f1066)
0x000001308d1f1046:   41 2b ec 81 3a 03 00 02 00 75 09 8b 01 89 84 24
0x000001308d1f1056:   c8 00 00 00 49 83 c0 02 48 83 c1 08 4a 8d 14 86
0x000001308d1f1066:   39 3a 75 af 4c 8d 84 24 c0 00 00 00 48 8d 15 d7
0x000001308d1f1076:   2b 03 00 33 c9 e8 58 5f 00 00 b8 40 1f 00 00 4c 


Register to memory mapping:

RAX=0x00000000ffffffff is an unknown value
RBX=0x000001308da20090 is an unknown value
RCX=0x000001308be01008 is an unknown value
RDX=0x000001308be01004 is an unknown value
RSP=0x000000075dafc590 is pointing into the stack for thread: 0x0000012f2e3b9000
RBP=0x00000000000000ff is an unknown value
RSI=0x000001308bdf50dc is an unknown value
RDI=0x0000000000000000 is an unknown value
R8 =0x0000000000002fca is an unknown value
R9 =0x000001308bdf50dc is an unknown value
R10=0x0000012f2fd99e22 is at code_begin+962 in an Interpreter codelet
method entry point (kind = native)  [0x0000012f2fd99a60, 0x0000012f2fd9a520]  2752 bytes
R11=0x000000006edc5890 is an unknown value
R12=0x0000000000000001 is an unknown value
R13={method} {0x000001308d371dd8} 'nalcCreateContext' '(JJ)J' in 'org/lwjgl/openal/ALC10'
R14=0x000000075dafc730 is pointing into the stack for thread: 0x0000012f2e3b9000
R15=0x0000012f2e3b9000 is a thread


Stack: [0x000000075da00000,0x000000075db00000],  sp=0x000000075dafc590,  free space=1009k
Native frames: (J=compiled Java code, j=interpreted, Vv=VM code, C=native code)
C  [OpenAL64.dll+0x11066]
C  [OpenAL64.dll+0x1248f]
C  0x0000012f2fd99e4e

Java frames: (J=compiled Java code, j=interpreted, Vv=VM code)
j  org.lwjgl.openal.ALC10.nalcCreateContext(JJ)J+0
j  org.lwjgl.openal.ALC10.alcCreateContext(Lorg/lwjgl/openal/ALCdevice;Ljava/nio/IntBuffer;)Lorg/lwjgl/openal/ALCcontext;+8
j  org.lwjgl.openal.AL.init(Ljava/lang/String;IIZZ)V+69
j  org.lwjgl.openal.AL.create(Ljava/lang/String;IIZZ)V+246
j  org.lwjgl.openal.AL.create(Ljava/lang/String;IIZ)V+5
j  org.lwjgl.openal.AL.create()V+6
j  com.badlogic.gdx.backends.lwjgl.audio.OpenALAudio.<init>(III)V+114
j  com.badlogic.gdx.backends.lwjgl.LwjglApplication.<init>(Lcom/badlogic/gdx/ApplicationListener;Lcom/badlogic/gdx/backends/lwjgl/LwjglApplicationConfiguration;Lcom/badlogic/gdx/backends/lwjgl/LwjglGraphics;)V+120
j  com.badlogic.gdx.backends.lwjgl.LwjglApplication.<init>(Lcom/badlogic/gdx/ApplicationListener;Lcom/badlogic/gdx/backends/lwjgl/LwjglApplicationConfiguration;)V+11
j  org.uqbar.project.wollok.game.gameboard.WollokGDXApplication.<init>(Lorg/uqbar/project/wollok/game/gameboard/Gameboard;Ljava/lang/Boolean;)V+17
j  org.uqbar.project.wollok.game.helpers.Application.start(Lorg/uqbar/project/wollok/game/gameboard/Gameboard;Ljava/lang/Boolean;)V+5
j  org.uqbar.project.wollok.game.gameboard.Gameboard.start(Ljava/lang/Boolean;)V+13
j  wollok.game.GameObject.doStart(Ljava/lang/Boolean;)V+12
v  ~StubRoutines::call_stub
J 3376  sun.reflect.NativeMethodAccessorImpl.invoke0(Ljava/lang/reflect/Method;Ljava/lang/Object;[Ljava/lang/Object;)Ljava/lang/Object; (0 bytes) @ 0x0000012f308aad97 [0x0000012f308aad00+0x97]
J 3375 C1 sun.reflect.NativeMethodAccessorImpl.invoke(Ljava/lang/Object;[Ljava/lang/Object;)Ljava/lang/Object; (104 bytes) @ 0x0000012f308af244 [0x0000012f308ade40+0x1404]
J 2612 C1 sun.reflect.DelegatingMethodAccessorImpl.invoke(Ljava/lang/Object;[Ljava/lang/Object;)Ljava/lang/Object; (10 bytes) @ 0x0000012f30667044 [0x0000012f30666f00+0x144]
J 2611 C1 java.lang.reflect.Method.invoke(Ljava/lang/Object;[Ljava/lang/Object;)Ljava/lang/Object; (62 bytes) @ 0x0000012f30667ccc [0x0000012f30667880+0x44c]
j  org.uqbar.project.wollok.ui.utils.XTendUtilExtensions.invokeConvertingArgs(Ljava/lang/reflect/Method;Ljava/lang/Object;[Ljava/lang/Object;)Lorg/uqbar/project/wollok/interpreter/core/WollokObject;+261
j  org.uqbar.project.wollok.interpreter.AbstractWollokCallable._invokeNative(Ljava/lang/Object;Ljava/lang/String;[Lorg/uqbar/project/wollok/interpreter/core/WollokObject;)Lorg/uqbar/project/wollok/interpreter/core/WollokObject;+41
j  org.uqbar.project.wollok.interpreter.AbstractWollokCallable.invokeNative(Ljava/lang/Object;Ljava/lang/String;[Lorg/uqbar/project/wollok/interpreter/core/WollokObject;)Lorg/uqbar/project/wollok/interpreter/core/WollokObject;+26
j  org.uqbar.project.wollok.interpreter.AbstractWollokCallable$1.apply()Lorg/uqbar/project/wollok/interpreter/core/WollokObject;+55
j  org.uqbar.project.wollok.interpreter.AbstractWollokCallable$1.apply()Ljava/lang/Object;+1
J 3340 C1 org.uqbar.project.wollok.interpreter.threads.WThread.performOnStack(Lorg/eclipse/emf/ecore/EObject;Lorg/uqbar/project/wollok/interpreter/context/EvaluationContext;Lorg/eclipse/xtext/xbase/lib/Functions$Function0;)Lorg/uqbar/project/wollok/interpreter/core/WollokObject; (157 bytes) @ 0x0000012f30891bec [0x0000012f30891840+0x3ac]
J 3379 C1 org.uqbar.project.wollok.interpreter.AbstractWollokCallable.call(Lorg/uqbar/project/wollok/wollokDsl/WMethodDeclaration;[Lorg/uqbar/project/wollok/interpreter/core/WollokObject;)Lorg/uqbar/project/wollok/interpreter/core/WollokObject; (46 bytes) @ 0x0000012f308c88c4 [0x0000012f308c7a60+0xe64]
J 3378 C1 org.uqbar.project.wollok.interpreter.core.WollokObject.call(Ljava/lang/String;[Lorg/uqbar/project/wollok/interpreter/core/WollokObject;)Lorg/uqbar/project/wollok/interpreter/core/WollokObject; (61 bytes) @ 0x0000012f308c734c [0x0000012f308c6bc0+0x78c]
j  org.uqbar.project.wollok.interpreter.WollokInterpreterEvaluator._evaluate(Lorg/uqbar/project/wollok/wollokDsl/WFeatureCall;)Lorg/uqbar/project/wollok/interpreter/core/WollokObject;+119
J 3305 C1 org.uqbar.project.wollok.launch.WollokLauncherInterpreterEvaluator.evaluate(Lorg/eclipse/emf/ecore/EObject;)Lorg/uqbar/project/wollok/interpreter/core/WollokObject; (502 bytes) @ 0x0000012f3085fd9c [0x0000012f3085b480+0x491c]
J 3317 C1 org.uqbar.project.wollok.interpreter.WollokInterpreter.eval(Lorg/eclipse/emf/ecore/EObject;)Lorg/uqbar/project/wollok/interpreter/core/WollokObject; (190 bytes) @ 0x0000012f308764ec [0x0000012f30875940+0xbac]
J 3263 C1 org.uqbar.project.wollok.interpreter.WollokInterpreterEvaluator.eval(Lorg/eclipse/emf/ecore/EObject;)Lorg/uqbar/project/wollok/interpreter/core/WollokObject; (9 bytes) @ 0x0000012f30827d3c [0x0000012f30827c80+0xbc]
j  org.uqbar.project.wollok.interpreter.WollokInterpreterEvaluator$1.apply(Lorg/uqbar/project/wollok/interpreter/core/WollokObject;Lorg/eclipse/emf/ecore/EObject;)Lorg/uqbar/project/wollok/interpreter/core/WollokObject;+5
j  org.uqbar.project.wollok.interpreter.WollokInterpreterEvaluator$1.apply(Ljava/lang/Object;Ljava/lang/Object;)Ljava/lang/Object;+9
J 3251 C1 org.eclipse.xtext.xbase.lib.IterableExtensions.fold(Ljava/lang/Iterable;Ljava/lang/Object;Lorg/eclipse/xtext/xbase/lib/Functions$Function2;)Ljava/lang/Object; (12 bytes) @ 0x0000012f3082372c [0x0000012f30823440+0x2ec]
j  org.uqbar.project.wollok.interpreter.WollokInterpreterEvaluator.evalAll(Ljava/lang/Iterable;)Lorg/uqbar/project/wollok/interpreter/core/WollokObject;+12
j  org.uqbar.project.wollok.interpreter.WollokInterpreterEvaluator._evaluate(Lorg/uqbar/project/wollok/wollokDsl/WBlockExpression;)Lorg/uqbar/project/wollok/interpreter/core/WollokObject;+34
J 3305 C1 org.uqbar.project.wollok.launch.WollokLauncherInterpreterEvaluator.evaluate(Lorg/eclipse/emf/ecore/EObject;)Lorg/uqbar/project/wollok/interpreter/core/WollokObject; (502 bytes) @ 0x0000012f30863a2c [0x0000012f3085b480+0x85ac]
J 3317 C1 org.uqbar.project.wollok.interpreter.WollokInterpreter.eval(Lorg/eclipse/emf/ecore/EObject;)Lorg/uqbar/project/wollok/interpreter/core/WollokObject; (190 bytes) @ 0x0000012f308764ec [0x0000012f30875940+0xbac]
j  org.uqbar.project.wollok.interpreter.AbstractWollokCallable.eval(Lorg/eclipse/emf/ecore/EObject;)Lorg/uqbar/project/wollok/interpreter/core/WollokObject;+5
j  org.uqbar.project.wollok.interpreter.AbstractWollokCallable$1.apply()Lorg/uqbar/project/wollok/interpreter/core/WollokObject;+110
j  org.uqbar.project.wollok.interpreter.AbstractWollokCallable$1.apply()Ljava/lang/Object;+1
J 3340 C1 org.uqbar.project.wollok.interpreter.threads.WThread.performOnStack(Lorg/eclipse/emf/ecore/EObject;Lorg/uqbar/project/wollok/interpreter/context/EvaluationContext;Lorg/eclipse/xtext/xbase/lib/Functions$Function0;)Lorg/uqbar/project/wollok/interpreter/core/WollokObject; (157 bytes) @ 0x0000012f30891bec [0x0000012f30891840+0x3ac]
J 3379 C1 org.uqbar.project.wollok.interpreter.AbstractWollokCallable.call(Lorg/uqbar/project/wollok/wollokDsl/WMethodDeclaration;[Lorg/uqbar/project/wollok/interpreter/core/WollokObject;)Lorg/uqbar/project/wollok/interpreter/core/WollokObject; (46 bytes) @ 0x0000012f308c88c4 [0x0000012f308c7a60+0xe64]
J 3378 C1 org.uqbar.project.wollok.interpreter.core.WollokObject.call(Ljava/lang/String;[Lorg/uqbar/project/wollok/interpreter/core/WollokObject;)Lorg/uqbar/project/wollok/interpreter/core/WollokObject; (61 bytes) @ 0x0000012f308c734c [0x0000012f308c6bc0+0x78c]
j  org.uqbar.project.wollok.interpreter.WollokInterpreterEvaluator._evaluate(Lorg/uqbar/project/wollok/wollokDsl/WFeatureCall;)Lorg/uqbar/project/wollok/interpreter/core/WollokObject;+119
J 3305 C1 org.uqbar.project.wollok.launch.WollokLauncherInterpreterEvaluator.evaluate(Lorg/eclipse/emf/ecore/EObject;)Lorg/uqbar/project/wollok/interpreter/core/WollokObject; (502 bytes) @ 0x0000012f3085fd9c [0x0000012f3085b480+0x491c]
J 3317 C1 org.uqbar.project.wollok.interpreter.WollokInterpreter.eval(Lorg/eclipse/emf/ecore/EObject;)Lorg/uqbar/project/wollok/interpreter/core/WollokObject; (190 bytes) @ 0x0000012f308764ec [0x0000012f30875940+0xbac]
J 3263 C1 org.uqbar.project.wollok.interpreter.WollokInterpreterEvaluator.eval(Lorg/eclipse/emf/ecore/EObject;)Lorg/uqbar/project/wollok/interpreter/core/WollokObject; (9 bytes) @ 0x0000012f30827d3c [0x0000012f30827c80+0xbc]
j  org.uqbar.project.wollok.interpreter.WollokInterpreterEvaluator$1.apply(Lorg/uqbar/project/wollok/interpreter/core/WollokObject;Lorg/eclipse/emf/ecore/EObject;)Lorg/uqbar/project/wollok/interpreter/core/WollokObject;+5
j  org.uqbar.project.wollok.interpreter.WollokInterpreterEvaluator$1.apply(Ljava/lang/Object;Ljava/lang/Object;)Ljava/lang/Object;+9
j  org.eclipse.xtext.xbase.lib.IteratorExtensions.fold(Ljava/util/Iterator;Ljava/lang/Object;Lorg/eclipse/xtext/xbase/lib/Functions$Function2;)Ljava/lang/Object;+19
j  org.eclipse.xtext.xbase.lib.IterableExtensions.fold(Ljava/lang/Iterable;Ljava/lang/Object;Lorg/eclipse/xtext/xbase/lib/Functions$Function2;)Ljava/lang/Object;+8
j  org.uqbar.project.wollok.interpreter.WollokInterpreterEvaluator.evalAll(Ljava/lang/Iterable;)Lorg/uqbar/project/wollok/interpreter/core/WollokObject;+12
j  org.uqbar.project.wollok.interpreter.WollokInterpreterEvaluator._evaluate(Lorg/uqbar/project/wollok/wollokDsl/WProgram;)Lorg/uqbar/project/wollok/interpreter/core/WollokObject;+18
j  org.uqbar.project.wollok.launch.WollokLauncherInterpreterEvaluator.evaluate(Lorg/eclipse/emf/ecore/EObject;)Lorg/uqbar/project/wollok/interpreter/core/WollokObject;+444
j  org.uqbar.project.wollok.interpreter.WollokInterpreterEvaluator.evaluate(Lorg/eclipse/emf/ecore/EObject;)Ljava/lang/Object;+2
j  org.uqbar.project.wollok.interpreter.WollokInterpreter.eval(Lorg/eclipse/emf/ecore/EObject;)Lorg/uqbar/project/wollok/interpreter/core/WollokObject;+63
j  org.uqbar.project.wollok.interpreter.WollokInterpreterEvaluator.eval(Lorg/eclipse/emf/ecore/EObject;)Lorg/uqbar/project/wollok/interpreter/core/WollokObject;+5
j  org.uqbar.project.wollok.launch.WollokLauncherInterpreterEvaluator._evaluate(Lorg/uqbar/project/wollok/wollokDsl/WFile;)Lorg/uqbar/project/wollok/interpreter/core/WollokObject;+32
j  org.uqbar.project.wollok.launch.WollokLauncherInterpreterEvaluator.evaluate(Lorg/eclipse/emf/ecore/EObject;)Lorg/uqbar/project/wollok/interpreter/core/WollokObject;+428
j  org.uqbar.project.wollok.interpreter.WollokInterpreterEvaluator.evaluate(Lorg/eclipse/emf/ecore/EObject;)Ljava/lang/Object;+2
j  org.uqbar.project.wollok.interpreter.WollokInterpreter.interpret(Lorg/eclipse/emf/ecore/EObject;Ljava/lang/Boolean;)Lorg/uqbar/project/wollok/interpreter/core/WollokObject;+25
j  org.uqbar.project.wollok.interpreter.WollokInterpreter.interpret(Lorg/eclipse/emf/ecore/EObject;)Lorg/uqbar/project/wollok/interpreter/core/WollokObject;+8
j  org.uqbar.project.wollok.launch.WollokLauncher.doSomething(Lorg/uqbar/project/wollok/wollokDsl/WFile;Lcom/google/inject/Injector;Ljava/io/File;Lorg/uqbar/project/wollok/launch/WollokLauncherParameters;)V+109
j  org.uqbar.project.wollok.launch.WollokChecker.launch(Ljava/lang/String;Lorg/uqbar/project/wollok/launch/WollokLauncherParameters;)V+31
j  org.uqbar.project.wollok.launch.WollokChecker.doMain([Ljava/lang/String;)V+205
j  org.uqbar.project.wollok.launch.WollokLauncher.main([Ljava/lang/String;)V+8
v  ~StubRoutines::call_stub

---------------  P R O C E S S  ---------------

Java Threads: ( => current thread )
  0x0000013089656800 JavaThread "com.google.inject.internal.util.$Finalizer" daemon [_thread_blocked, id=20920, stack(0x000000075ef00000,0x000000075f000000)]
  0x0000013089746000 JavaThread "EMF Reference Cleaner" daemon [_thread_blocked, id=2740, stack(0x000000075ee00000,0x000000075ef00000)]
  0x0000013086cfa800 JavaThread "Service Thread" daemon [_thread_blocked, id=7228, stack(0x000000075ec00000,0x000000075ed00000)]
  0x0000013086cb2000 JavaThread "C1 CompilerThread3" daemon [_thread_blocked, id=22200, stack(0x000000075eb00000,0x000000075ec00000)]
  0x0000013086ca0800 JavaThread "C2 CompilerThread2" daemon [_thread_blocked, id=22196, stack(0x000000075ea00000,0x000000075eb00000)]
  0x0000013086c9b800 JavaThread "C2 CompilerThread1" daemon [_thread_blocked, id=15352, stack(0x000000075e900000,0x000000075ea00000)]
  0x0000013086c97800 JavaThread "C2 CompilerThread0" daemon [_thread_blocked, id=8296, stack(0x000000075e800000,0x000000075e900000)]
  0x0000013086c8c800 JavaThread "Attach Listener" daemon [_thread_blocked, id=9320, stack(0x000000075e700000,0x000000075e800000)]
  0x0000013086c8c000 JavaThread "Signal Dispatcher" daemon [_thread_blocked, id=3128, stack(0x000000075e600000,0x000000075e700000)]
  0x0000013086c65000 JavaThread "Finalizer" daemon [_thread_blocked, id=8996, stack(0x000000075e500000,0x000000075e600000)]
  0x0000013086c5e000 JavaThread "Reference Handler" daemon [_thread_blocked, id=15548, stack(0x000000075e400000,0x000000075e500000)]
=>0x0000012f2e3b9000 JavaThread "main" [_thread_in_native, id=15616, stack(0x000000075da00000,0x000000075db00000)]

Other Threads:
  0x0000013086c2c800 VMThread [stack: 0x000000075e300000,0x000000075e400000] [id=6132]
  0x0000013086cfc800 WatcherThread [stack: 0x000000075ed00000,0x000000075ee00000] [id=13040]

VM state:not at safepoint (normal execution)

VM Mutex/Monitor currently owned by a thread: None

heap address: 0x0000012f3f400000, size: 4058 MB, Compressed Oops mode: Non-zero based:0x0000012f3f3ff000, Oop shift amount: 3
Narrow klass base: 0x0000013046200000, Narrow klass shift: 0
Compressed class space size: 1073741824 Address: 0x0000013046200000

Heap:
 PSYoungGen      total 140800K, used 8128K [0x0000012fe8580000, 0x0000012ff9880000, 0x000001303ce00000)
  eden space 130048K, 6% used [0x0000012fe8580000,0x0000012fe8d70290,0x0000012ff0480000)
  from space 10752K, 0% used [0x0000012ff0480000,0x0000012ff0480000,0x0000012ff0f00000)
  to   space 10752K, 0% used [0x0000012ff8e00000,0x0000012ff8e00000,0x0000012ff9880000)
 ParOldGen       total 143360K, used 20610K [0x0000012f3f400000, 0x0000012f48000000, 0x0000012fe8580000)
  object space 143360K, 14% used [0x0000012f3f400000,0x0000012f40820a38,0x0000012f48000000)
 Metaspace       used 21461K, capacity 21744K, committed 22016K, reserved 1069056K
  class space    used 2712K, capacity 2788K, committed 2816K, reserved 1048576K

Card table byte_map: [0x000001303ce00000,0x000001303d5f0000] byte_map_base: 0x0000012fa5406000

Marking Bits: (ParMarkBitMap*) 0x000000006f3b2850
 Begin Bits: [0x000001303db40000, 0x0000013041aa8000)
 End Bits:   [0x0000013041aa8000, 0x0000013045a10000)

Polling page: 0x0000012f2fd50000

CodeCache: size=245760Kb used=11986Kb max_used=11986Kb free=233773Kb
 bounds [0x0000012f2fd80000, 0x0000012f30940000, 0x0000012f3ed80000]
 total_blobs=3910 nmethods=3467 adapters=354
 compilation: enabled

Compilation events (10 events):
Event: 2.168 Thread 0x0000013086cb2000 3463       3       java.io.FileInputStream::read (9 bytes)
Event: 2.168 Thread 0x0000013086cb2000 nmethod 3463 0x0000012f30914e90 code [0x0000012f30915000, 0x0000012f309151b0]
Event: 2.174 Thread 0x0000013086cb2000 3464       3       java.nio.DirectByteBuffer::put (18 bytes)
Event: 2.175 Thread 0x0000013086cb2000 

Event: 2.175 Thread 0x0000013086cb2000 3465       3       java.nio.DirectByteBuffer::ix (10 bytes)
Event: 2.175 Thread 0x0000013086cb2000 nmethod 3465 0x0000012f30939810 code [0x0000012f30939960, 0x0000012f30939ad8]
Event: 2.175 Thread 0x0000013086cb2000 3468       1       java.nio.DirectByteBuffer::ix (10 bytes)
Event: 2.175 Thread 0x0000013086cb2000 nmethod 3468 0x0000012f30939b50 code [0x0000012f30939ca0, 0x0000012f30939dd8]
Event: 2.175 Thread 0x0000013086cb2000 3467       3       java.nio.DirectByteBuffer::put (18 bytes)
Event: 2.175 Thread 0x0000013086cb2000 nmethod 3467 0x0000012f30939e50 code [0x0000012f30939fc0, 0x0000012f3093a258]

GC Heap History (8 events):
Event: 0.606 GC heap before
{Heap before GC invocations=1 (full 0):
 PSYoungGen      total 75776K, used 65024K [0x0000012fe8580000, 0x0000012feda00000, 0x000001303ce00000)
  eden space 65024K, 100% used [0x0000012fe8580000,0x0000012fec500000,0x0000012fec500000)
  from space 10752K, 0% used [0x0000012fecf80000,0x0000012fecf80000,0x0000012feda00000)
  to   space 10752K, 0% used [0x0000012fec500000,0x0000012fec500000,0x0000012fecf80000)
 ParOldGen       total 173568K, used 0K [0x0000012f3f400000, 0x0000012f49d80000, 0x0000012fe8580000)
  object space 173568K, 0% used [0x0000012f3f400000,0x0000012f3f400000,0x0000012f49d80000)
 Metaspace       used 8598K, capacity 8680K, committed 8832K, reserved 1056768K
  class space    used 1030K, capacity 1076K, committed 1152K, reserved 1048576K
Event: 0.613 GC heap after
Heap after GC invocations=1 (full 0):
 PSYoungGen      total 75776K, used 10742K [0x0000012fe8580000, 0x0000012ff1980000, 0x000001303ce00000)
  eden space 65024K, 0% used [0x0000012fe8580000,0x0000012fe8580000,0x0000012fec500000)
  from space 10752K, 99% used [0x0000012fec500000,0x0000012fecf7da20,0x0000012fecf80000)
  to   space 10752K, 0% used [0x0000012ff0f00000,0x0000012ff0f00000,0x0000012ff1980000)
 ParOldGen       total 173568K, used 4833K [0x0000012f3f400000, 0x0000012f49d80000, 0x0000012fe8580000)
  object space 173568K, 2% used [0x0000012f3f400000,0x0000012f3f8b8460,0x0000012f49d80000)
 Metaspace       used 8598K, capacity 8680K, committed 8832K, reserved 1056768K
  class space    used 1030K, capacity 1076K, committed 1152K, reserved 1048576K
}
Event: 1.160 GC heap before
{Heap before GC invocations=2 (full 0):
 PSYoungGen      total 75776K, used 75766K [0x0000012fe8580000, 0x0000012ff1980000, 0x000001303ce00000)
  eden space 65024K, 100% used [0x0000012fe8580000,0x0000012fec500000,0x0000012fec500000)
  from space 10752K, 99% used [0x0000012fec500000,0x0000012fecf7da20,0x0000012fecf80000)
  to   space 10752K, 0% used [0x0000012ff0f00000,0x0000012ff0f00000,0x0000012ff1980000)
 ParOldGen       total 173568K, used 4833K [0x0000012f3f400000, 0x0000012f49d80000, 0x0000012fe8580000)
  object space 173568K, 2% used [0x0000012f3f400000,0x0000012f3f8b8460,0x0000012f49d80000)
 Metaspace       used 15817K, capacity 15946K, committed 16256K, reserved 1062912K
  class space    used 2045K, capacity 2079K, committed 2176K, reserved 1048576K
Event: 1.171 GC heap after
Heap after GC invocations=2 (full 0):
 PSYoungGen      total 140800K, used 10728K [0x0000012fe8580000, 0x0000012ff1980000, 0x000001303ce00000)
  eden space 130048K, 0% used [0x0000012fe8580000,0x0000012fe8580000,0x0000012ff0480000)
  from space 10752K, 99% used [0x0000012ff0f00000,0x0000012ff197a140,0x0000012ff1980000)
  to   space 10752K, 0% used [0x0000012ff0480000,0x0000012ff0480000,0x0000012ff0f00000)
 ParOldGen       total 173568K, used 19760K [0x0000012f3f400000, 0x0000012f49d80000, 0x0000012fe8580000)
  object space 173568K, 11% used [0x0000012f3f400000,0x0000012f4074c278,0x0000012f49d80000)
 Metaspace       used 15817K, capacity 15946K, committed 16256K, reserved 1062912K
  class space    used 2045K, capacity 2079K, committed 2176K, reserved 1048576K
}
Event: 1.959 GC heap before
{Heap before GC invocations=3 (full 0):
 PSYoungGen      total 140800K, used 82351K [0x0000012fe8580000, 0x0000012ff1980000, 0x000001303ce00000)
  eden space 130048K, 55% used [0x0000012fe8580000,0x0000012fecb71b18,0x0000012ff0480000)
  from space 10752K, 99% used [0x0000012ff0f00000,0x0000012ff197a140,0x0000012ff1980000)
  to   space 10752K, 0% used [0x0000012ff0480000,0x0000012ff0480000,0x0000012ff0f00000)
 ParOldGen       total 173568K, used 19760K [0x0000012f3f400000, 0x0000012f49d80000, 0x0000012fe8580000)
  object space 173568K, 11% used [0x0000012f3f400000,0x0000012f4074c278,0x0000012f49d80000)
 Metaspace       used 20844K, capacity 21104K, committed 21248K, reserved 1067008K
  class space    used 2636K, capacity 2724K, committed 2816K, reserved 1048576K
Event: 1.969 GC heap after
Heap after GC invocations=3 (full 0):
 PSYoungGen      total 140800K, used 10724K [0x0000012fe8580000, 0x0000012ff9880000, 0x000001303ce00000)
  eden space 130048K, 0% used [0x0000012fe8580000,0x0000012fe8580000,0x0000012ff0480000)
  from space 10752K, 99% used [0x0000012ff0480000,0x0000012ff0ef9390,0x0000012ff0f00000)
  to   space 10752K, 0% used [0x0000012ff8e00000,0x0000012ff8e00000,0x0000012ff9880000)
 ParOldGen       total 173568K, used 24307K [0x0000012f3f400000, 0x0000012f49d80000, 0x0000012fe8580000)
  object space 173568K, 14% used [0x0000012f3f400000,0x0000012f40bbcde0,0x0000012f49d80000)
 Metaspace       used 20844K, capacity 21104K, committed 21248K, reserved 1067008K
  class space    used 2636K, capacity 2724K, committed 2816K, reserved 1048576K
}
Event: 1.969 GC heap before
{Heap before GC invocations=4 (full 1):
 PSYoungGen      total 140800K, used 10724K [0x0000012fe8580000, 0x0000012ff9880000, 0x000001303ce00000)
  eden space 130048K, 0% used [0x0000012fe8580000,0x0000012fe8580000,0x0000012ff0480000)
  from space 10752K, 99% used [0x0000012ff0480000,0x0000012ff0ef9390,0x0000012ff0f00000)
  to   space 10752K, 0% used [0x0000012ff8e00000,0x0000012ff8e00000,0x0000012ff9880000)
 ParOldGen       total 173568K, used 24307K [0x0000012f3f400000, 0x0000012f49d80000, 0x0000012fe8580000)
  object space 173568K, 14% used [0x0000012f3f400000,0x0000012f40bbcde0,0x0000012f49d80000)
 Metaspace       used 20844K, capacity 21104K, committed 21248K, reserved 1067008K
  class space    used 2636K, capacity 2724K, committed 2816K, reserved 1048576K
Event: 2.016 GC heap after
Heap after GC invocations=4 (full 1):
 PSYoungGen      total 140800K, used 0K [0x0000012fe8580000, 0x0000012ff9880000, 0x000001303ce00000)
  eden space 130048K, 0% used [0x0000012fe8580000,0x0000012fe8580000,0x0000012ff0480000)
  from space 10752K, 0% used [0x0000012ff0480000,0x0000012ff0480000,0x0000012ff0f00000)
  to   space 10752K, 0% used [0x0000012ff8e00000,0x0000012ff8e00000,0x0000012ff9880000)
 ParOldGen       total 143360K, used 20610K [0x0000012f3f400000, 0x0000012f48000000, 0x0000012fe8580000)
  object space 143360K, 14% used [0x0000012f3f400000,0x0000012f40820a38,0x0000012f48000000)
 Metaspace       used 20844K, capacity 21104K, committed 21248K, reserved 1067008K
  class space    used 2636K, capacity 2724K, committed 2816K, reserved 1048576K
}

Deoptimization events (10 events):
Event: 1.506 Thread 0x0000012f2e3b9000 Uncommon trap: reason=class_check action=maybe_recompile pc=0x0000012f304dbc64 method=org.eclipse.xtext.nodemodel.impl.NodeModelBuilder.addChild(Lorg/eclipse/xtext/nodemodel/ICompositeNode;Lorg/eclipse/xtext/nodemodel/impl/AbstractNode;)V @ 6
Event: 1.507 Thread 0x0000012f2e3b9000 Uncommon trap: reason=unstable_if action=reinterpret pc=0x0000012f304ed2ec method=java.util.HashMap.computeIfAbsent(Ljava/lang/Object;Ljava/util/function/Function;)Ljava/lang/Object; @ 44
Event: 1.512 Thread 0x0000012f2e3b9000 Uncommon trap: reason=class_check action=maybe_recompile pc=0x0000012f304dbc64 method=org.eclipse.xtext.nodemodel.impl.NodeModelBuilder.addChild(Lorg/eclipse/xtext/nodemodel/ICompositeNode;Lorg/eclipse/xtext/nodemodel/impl/AbstractNode;)V @ 6
Event: 1.512 Thread 0x0000012f2e3b9000 Uncommon trap: reason=unstable_if action=reinterpret pc=0x0000012f3051cda8 method=java.util.HashMap.computeIfAbsent(Ljava/lang/Object;Ljava/util/function/Function;)Ljava/lang/Object; @ 44
Event: 1.523 Thread 0x0000012f2e3b9000 Uncommon trap: reason=class_check action=maybe_recompile pc=0x0000012f304dbc64 method=org.eclipse.xtext.nodemodel.impl.NodeModelBuilder.addChild(Lorg/eclipse/xtext/nodemodel/ICompositeNode;Lorg/eclipse/xtext/nodemodel/impl/AbstractNode;)V @ 6
Event: 1.526 Thread 0x0000012f2e3b9000 Uncommon trap: reason=class_check action=maybe_recompile pc=0x0000012f304ec69c method=org.eclipse.xtext.nodemodel.impl.NodeModelBuilder.addChild(Lorg/eclipse/xtext/nodemodel/ICompositeNode;Lorg/eclipse/xtext/nodemodel/impl/AbstractNode;)V @ 6
Event: 1.618 Thread 0x0000012f2e3b9000 Uncommon trap: reason=unstable_if action=reinterpret pc=0x0000012f302a8878 method=java.util.concurrent.ConcurrentHashMap.putVal(Ljava/lang/Object;Ljava/lang/Object;Z)Ljava/lang/Object; @ 181
Event: 1.626 Thread 0x0000012f2e3b9000 Uncommon trap: reason=unstable_if action=reinterpret pc=0x0000012f305fa1e8 method=sun.nio.cs.UTF_8$Decoder.decodeArrayLoop(Ljava/nio/ByteBuffer;Ljava/nio/CharBuffer;)Ljava/nio/charset/CoderResult; @ 84
Event: 2.030 Thread 0x0000012f2e3b9000 Uncommon trap: reason=unstable_if action=reinterpret pc=0x0000012f300f28a8 method=java.io.WinNTFileSystem.normalize(Ljava/lang/String;)Ljava/lang/String; @ 49
Event: 2.159 Thread 0x0000012f2e3b9000 Uncommon trap: reason=unstable_if action=reinterpret pc=0x0000012f2ff50584 method=java.lang.ThreadLocal$ThreadLocalMap.getEntry(Ljava/lang/ThreadLocal;)Ljava/lang/ThreadLocal$ThreadLocalMap$Entry; @ 29

Classes redefined (0 events):
No events

Internal exceptions (10 events):
Event: 1.730 Thread 0x0000012f2e3b9000 Exception <a 'java/lang/reflect/InvocationTargetException'> (0x0000012feaea1a28) thrown at [C:\Jenkins\temp\workspace\build\src\hotspot\src\share\vm\runtime\reflection.cpp, line 1092]
Event: 1.730 Thread 0x0000012f2e3b9000 Exception <a 'java/lang/reflect/InvocationTargetException'> (0x0000012feaeaa8d0) thrown at [C:\Jenkins\temp\workspace\build\src\hotspot\src\share\vm\runtime\reflection.cpp, line 1092]
Event: 1.730 Thread 0x0000012f2e3b9000 Exception <a 'java/lang/reflect/InvocationTargetException'> (0x0000012feaeb3440) thrown at [C:\Jenkins\temp\workspace\build\src\hotspot\src\share\vm\runtime\reflection.cpp, line 1092]
Event: 1.731 Thread 0x0000012f2e3b9000 Exception <a 'java/lang/reflect/InvocationTargetException'> (0x0000012feaebe8b8) thrown at [C:\Jenkins\temp\workspace\build\src\hotspot\src\share\vm\runtime\reflection.cpp, line 1092]
Event: 2.179 Thread 0x0000012f2e3b9000 Exception <a 'java/security/PrivilegedActionException'> (0x0000012fe87ccf48) thrown at [C:\Jenkins\temp\workspace\build\src\hotspot\src\share\vm\prims\jvm.cpp, line 1524]
Event: 2.179 Thread 0x0000012f2e3b9000 Exception <a 'java/security/PrivilegedActionException'> (0x0000012fe87ce478) thrown at [C:\Jenkins\temp\workspace\build\src\hotspot\src\share\vm\prims\jvm.cpp, line 1524]
Event: 2.179 Thread 0x0000012f2e3b9000 Exception <a 'java/security/PrivilegedActionException'> (0x0000012fe87cf8a8) thrown at [C:\Jenkins\temp\workspace\build\src\hotspot\src\share\vm\prims\jvm.cpp, line 1524]
Event: 2.179 Thread 0x0000012f2e3b9000 Exception <a 'java/security/PrivilegedActionException'> (0x0000012fe87d0f68) thrown at [C:\Jenkins\temp\workspace\build\src\hotspot\src\share\vm\prims\jvm.cpp, line 1524]
Event: 2.179 Thread 0x0000012f2e3b9000 Exception <a 'java/security/PrivilegedActionException'> (0x0000012fe87d2360) thrown at [C:\Jenkins\temp\workspace\build\src\hotspot\src\share\vm\prims\jvm.cpp, line 1524]
Event: 2.179 Thread 0x0000012f2e3b9000 Exception <a 'java/security/PrivilegedActionException'> (0x0000012fe87d3728) thrown at [C:\Jenkins\temp\workspace\build\src\hotspot\src\share\vm\prims\jvm.cpp, line 1524]

Events (10 events):
Event: 2.196 loading class org/lwjgl/openal/ALCdevice
Event: 2.196 loading class org/lwjgl/openal/ALCdevice done
Event: 2.196 loading class org/lwjgl/openal/ALCcontext
Event: 2.196 loading class org/lwjgl/openal/ALCcontext done
Event: 2.196 loading class java/nio/DirectIntBufferU
Event: 2.197 loading class java/nio/DirectIntBufferU done
Event: 2.197 loading class org/lwjgl/openal/Util
Event: 2.197 loading class org/lwjgl/openal/Util done
Event: 2.197 loading class org/lwjgl/openal/OpenALException
Event: 2.197 loading class org/lwjgl/openal/OpenALException done


Dynamic libraries:
0x00007ff6f2d70000 - 0x00007ff6f2daa000 	C:\Program Files\Eclipse Adoptium\jdk-8.0.332.9-hotspot\bin\javaw.exe
0x00007ff9ecd10000 - 0x00007ff9ecf07000 	C:\Windows\SYSTEM32\ntdll.dll
0x00007ff9eb950000 - 0x00007ff9eba0d000 	C:\Windows\System32\KERNEL32.DLL
0x00007ff9eaaa0000 - 0x00007ff9ead6d000 	C:\Windows\System32\KERNELBASE.dll
0x00007ff9eb2b0000 - 0x00007ff9eb35e000 	C:\Windows\System32\ADVAPI32.dll
0x00007ff9eb570000 - 0x00007ff9eb60e000 	C:\Windows\System32\msvcrt.dll
0x00007ff9eba80000 - 0x00007ff9ebb1c000 	C:\Windows\System32\sechost.dll
0x00007ff9ebb20000 - 0x00007ff9ebc45000 	C:\Windows\System32\RPCRT4.dll
0x00007ff9eb740000 - 0x00007ff9eb8e0000 	C:\Windows\System32\USER32.dll
0x00007ff9ea960000 - 0x00007ff9ea982000 	C:\Windows\System32\win32u.dll
0x00007ff9ec100000 - 0x00007ff9ec12a000 	C:\Windows\System32\GDI32.dll
0x00007ff9ea990000 - 0x00007ff9eaa9b000 	C:\Windows\System32\gdi32full.dll
0x00007ff9ea5f0000 - 0x00007ff9ea68d000 	C:\Windows\System32\msvcp_win.dll
0x00007ff9ea4f0000 - 0x00007ff9ea5f0000 	C:\Windows\System32\ucrtbase.dll
0x00007ff9cbd20000 - 0x00007ff9cbfba000 	C:\Windows\WinSxS\amd64_microsoft.windows.common-controls_6595b64144ccf1df_6.0.19041.1110_none_60b5254171f9507e\COMCTL32.dll
0x00007ff9ec300000 - 0x00007ff9ec330000 	C:\Windows\System32\IMM32.DLL
0x00007ff9df7a0000 - 0x00007ff9df88f000 	C:\Program Files\Eclipse Adoptium\jdk-8.0.332.9-hotspot\jre\bin\msvcr120.dll
0x00007ff9dc9b0000 - 0x00007ff9dca56000 	C:\Program Files\Eclipse Adoptium\jdk-8.0.332.9-hotspot\jre\bin\msvcp120.dll
0x000000006ebc0000 - 0x000000006f431000 	C:\Program Files\Eclipse Adoptium\jdk-8.0.332.9-hotspot\jre\bin\server\jvm.dll
0x00007ff9eb720000 - 0x00007ff9eb728000 	C:\Windows\System32\PSAPI.DLL
0x00007ff9d4fc0000 - 0x00007ff9d4fe7000 	C:\Windows\SYSTEM32\WINMM.dll
0x00007ff9e7af0000 - 0x00007ff9e7af9000 	C:\Windows\SYSTEM32\WSOCK32.dll
0x00007ff9e2b50000 - 0x00007ff9e2b5a000 	C:\Windows\SYSTEM32\VERSION.dll
0x00007ff9eba10000 - 0x00007ff9eba7b000 	C:\Windows\System32\WS2_32.dll
0x00007ff9e7ae0000 - 0x00007ff9e7aef000 	C:\Program Files\Eclipse Adoptium\jdk-8.0.332.9-hotspot\jre\bin\verify.dll
0x00007ff9e3ae0000 - 0x00007ff9e3b09000 	C:\Program Files\Eclipse Adoptium\jdk-8.0.332.9-hotspot\jre\bin\java.dll
0x00007ff9e4b60000 - 0x00007ff9e4b76000 	C:\Program Files\Eclipse Adoptium\jdk-8.0.332.9-hotspot\jre\bin\zip.dll
0x00007ff9ec580000 - 0x00007ff9eccc4000 	C:\Windows\System32\SHELL32.dll
0x00007ff9e8530000 - 0x00007ff9e8cc4000 	C:\Windows\SYSTEM32\windows.storage.dll
0x00007ff9ebcb0000 - 0x00007ff9ec004000 	C:\Windows\System32\combase.dll
0x00007ff9e9e90000 - 0x00007ff9e9ebc000 	C:\Windows\SYSTEM32\Wldp.dll
0x00007ff9ec250000 - 0x00007ff9ec2fd000 	C:\Windows\System32\SHCORE.dll
0x00007ff9ec010000 - 0x00007ff9ec065000 	C:\Windows\System32\shlwapi.dll
0x00007ff9ea370000 - 0x00007ff9ea38f000 	C:\Windows\SYSTEM32\profapi.dll
0x0000000065580000 - 0x0000000065616000 	C:\Users\Valentino\AppData\Local\Temp\libgdxValentino\12dfaa03\gdx64.dll
0x00007ff9e9de0000 - 0x00007ff9e9df8000 	C:\Windows\SYSTEM32\CRYPTSP.dll
0x00007ff9e9500000 - 0x00007ff9e9534000 	C:\Windows\system32\rsaenh.dll
0x00007ff9ea4c0000 - 0x00007ff9ea4e7000 	C:\Windows\System32\bcrypt.dll
0x00007ff9ea2f0000 - 0x00007ff9ea31e000 	C:\Windows\SYSTEM32\USERENV.dll
0x00007ff9ea430000 - 0x00007ff9ea4b2000 	C:\Windows\System32\bcryptprimitives.dll
0x00007ff9e9e00000 - 0x00007ff9e9e0c000 	C:\Windows\SYSTEM32\CRYPTBASE.dll
0x00007ff9e3ac0000 - 0x00007ff9e3ada000 	C:\Program Files\Eclipse Adoptium\jdk-8.0.332.9-hotspot\jre\bin\net.dll
0x00007ff9e9bf0000 - 0x00007ff9e9c5a000 	C:\Windows\system32\mswsock.dll
0x00007ff9e9890000 - 0x00007ff9e98cb000 	C:\Windows\SYSTEM32\IPHLPAPI.DLL
0x00007ff9eb730000 - 0x00007ff9eb738000 	C:\Windows\System32\NSI.dll
0x00007ff9e2b80000 - 0x00007ff9e2b97000 	C:\Windows\SYSTEM32\dhcpcsvc6.DLL
0x00007ff9e2f60000 - 0x00007ff9e2f7d000 	C:\Windows\SYSTEM32\dhcpcsvc.DLL
0x00007ff9e98d0000 - 0x00007ff9e999b000 	C:\Windows\SYSTEM32\DNSAPI.dll
0x00007ff9e0b30000 - 0x00007ff9e0b42000 	C:\Program Files\Eclipse Adoptium\jdk-8.0.332.9-hotspot\jre\bin\nio.dll
0x0000000180000000 - 0x0000000180053000 	C:\Users\Valentino\AppData\Local\Temp\libgdxValentino\dc0f0009\lwjgl64.dll
0x00007ff9db990000 - 0x00007ff9dbab6000 	C:\Windows\SYSTEM32\OPENGL32.dll
0x00007ff9e4b00000 - 0x00007ff9e4b2c000 	C:\Windows\SYSTEM32\GLU32.dll
0x000001308d1e0000 - 0x000001308d244000 	C:\Users\VALENT~1\AppData\Local\Temp\libgdxValentino\dc0f0009\OpenAL64.dll
0x00007ff9eb440000 - 0x00007ff9eb56a000 	C:\Windows\System32\ole32.dll
0x00007ff9e8330000 - 0x00007ff9e8342000 	C:\Windows\SYSTEM32\kernel.appcore.dll
0x00007ff9e7db0000 - 0x00007ff9e7e4e000 	C:\Windows\system32\uxtheme.dll
0x00007ff9eb610000 - 0x00007ff9eb6b9000 	C:\Windows\System32\clbcatq.dll
0x00007ff9a8100000 - 0x00007ff9a819c000 	C:\Windows\SYSTEM32\dsound.dll
0x00007ff9e9a00000 - 0x00007ff9e9a4b000 	C:\Windows\SYSTEM32\powrprof.dll
0x00007ff9ce4a0000 - 0x00007ff9ce4c6000 	C:\Windows\SYSTEM32\winmmbase.dll
0x00007ff9e9870000 - 0x00007ff9e9882000 	C:\Windows\SYSTEM32\UMPDC.dll
0x00007ff9e2e90000 - 0x00007ff9e2f15000 	C:\Windows\System32\MMDevApi.dll
0x00007ff9ea200000 - 0x00007ff9ea22c000 	C:\Windows\System32\DEVOBJ.dll
0x00007ff9ea7f0000 - 0x00007ff9ea83e000 	C:\Windows\System32\cfgmgr32.dll
0x00007ff9e3080000 - 0x00007ff9e3202000 	C:\Windows\SYSTEM32\AUDIOSES.DLL
0x00007ff9eb1e0000 - 0x00007ff9eb2ad000 	C:\Windows\System32\OLEAUT32.dll
0x00007ff9d1c40000 - 0x00007ff9d1e24000 	C:\Windows\SYSTEM32\dbghelp.dll

VM Arguments:
jvm_args: -Duser.language=es_AR -Dfile.encoding=UTF-8 
java_command: org.uqbar.project.wollok.launch.WollokLauncher -requestsPort 0 -eventsPort 0 -folder -dontValidate -wf src/consola.wpgm
java_class_path (initial): C:\Users\Valentino\Desktop\consola-de-juegos-wolloketa\bin;C:\Users\Valentino\Documents\Wollok\plugins\com.ibm.icu_64.2.0.v20190507-1337.jar;C:\Users\Valentino\Documents\Wollok\plugins\org.eclipse.xtext_2.20.0.v20191202-0915.jar;C:\Users\Valentino\Documents\Wollok\plugins\org.eclipse.emf.ecore.xmi_2.16.0.v20190528-0725.jar;C:\Users\Valentino\Documents\Wollok\plugins\org.eclipse.emf.ecore_2.20.0.v20190920-0401.jar;C:\Users\Valentino\Documents\Wollok\plugins\org.eclipse.emf.common_2.17.0.v20190920-0401.jar;C:\Users\Valentino\Documents\Wollok\plugins\org.antlr.runtime_3.2.0.v201101311130.jar;C:\Users\Valentino\Documents\Wollok\plugins\com.google.inject_3.0.0.v201605172100.jar;C:\Users\Valentino\Documents\Wollok\plugins\org.eclipse.emf.mwe.core_1.5.1.v20191121-1148.jar;C:\Users\Valentino\Documents\Wollok\plugins\org.apache.commons.cli_1.2.0.v201404270220.jar;C:\Users\Valentino\Documents\Wollok\plugins\org.eclipse.emf.mwe2.runtime_2.11.1.v20191121-1148.jar;C:\Users\Valentino\Documents\Wollok\plugins\org.eclipse.emf.mwe.utils_1.5.1.v20191121-1148.jar;C:\Users\Valentino\Documents\Wollok\plugins\org.eclipse.xtext.util_2.20.0.v20191202-0915.jar;C:\Users\Valentino\Documents\Wollok\plugins\com.google.guava_27.1.0.v20190517-1946.jar;C:\Users\Valentino\Documents\Wollok\plugins\javax.inject_1.0.0.v20091030.jar;C:\Users\Valentino\Documents\Wollok\plugins\org.eclipse.xtext.generator_2.20.0.v20191202-0933.jar;C:\Users\Valentino\Documents\Wollok\plugins\org.eclipse.xtext.xtext.generator_2.20.0.v20191202-0915.jar;C:\Users\Valentino\Documents\Wollok\plugins\org.eclipse.xtext.xbase.lib_2.20.0.v20191202-0907.jar;C:\Users\Valentino\Documents\Wollok\plugins\org.eclipse.emf.codegen.ecore_2.20.0.v20191012-0918.jar;C:\Users\Valentino\Documents\Wollok\plugins\org.eclipse.emf.codegen_2.19.0.v20190821-1536.jar;C:\Users\Valentino\Documents\Wollok\plugins\org.eclipse.xtend_2.2.0.v201605260315.jar;C:\Users\Valentino\Documents\Wollok\plugins\org.eclipse.xpand_2.2.0.v2016
Launcher Type: SUN_STANDARD

Environment Variables:
PATH=C:/Program Files/Eclipse Adoptium/jdk-8.0.332.9-hotspot/bin/../jre/bin/server;C:/Program Files/Eclipse Adoptium/jdk-8.0.332.9-hotspot/bin/../jre/bin;C:/Program Files/Eclipse Adoptium/jdk-8.0.332.9-hotspot/bin/../jre/lib/amd64;C:\Program Files\Eclipse Adoptium\jdk-8.0.332.9-hotspot\bin;C:\Windows\system32;C:\Windows;C:\Windows\System32\Wbem;C:\Windows\System32\WindowsPowerShell\v1.0\;C:\Windows\System32\OpenSSH\;C:\Program Files (x86)\NVIDIA Corporation\PhysX\Common;C:\Program Files\NVIDIA Corporation\NVIDIA NvDLISR;C:\Program Files\Git\cmd;C:\Users\Valentino\AppData\Local\Microsoft\WindowsApps;;C:\Users\Valentino\AppData\Local\Programs\Microsoft VS Code\bin;C:\Users\Valentino\Documents\Wollok;
USERNAME=Valentino
OS=Windows_NT
PROCESSOR_IDENTIFIER=Intel64 Family 6 Model 158 Stepping 10, GenuineIntel



---------------  S Y S T E M  ---------------

OS: Windows 10.0 , 64 bit Build 19041 (10.0.19041.1741)

CPU:total 8 (initial active 8) (4 cores per cpu, 2 threads per core) family 6 model 158 stepping 10, cmov, cx8, fxsr, mmx, sse, sse2, sse3, ssse3, sse4.1, sse4.2, popcnt, avx, avx2, aes, clmul, erms, 3dnowpref, lzcnt, ht, tsc, tscinvbit, bmi1, bmi2, adx

Memory: 4k page, physical 16613748k(9580324k free), swap 19628404k(6993100k free)

vm_info: OpenJDK 64-Bit Server VM (25.332-b09) for windows-amd64 JRE (1.8.0_332-b09), built on Apr 23 2022 01:25:28 by "jenkins" with MS VC++ 12.0 (VS2013)

time: Sun Jun 26 12:23:19 2022
timezone: Hora estándar de Argentina
elapsed time: 2.228721 seconds (0d 0h 0m 2s)

